<?xml version="1.0" encoding="UTF-8"?>
<testsuites name="add employee" time="33" tests="3" failures="0" errors="0">
   <testsuite name="add employee" tests="3" failures="0" errors="0" time="33" timestamp="2018-08-23 13:50:56" hostname="triyadhi - HO-SDM-NB23.pnmgroup.co.id" id="Test Suites/add employee/add employee">
      <properties>
         <property name="deviceName" value=""/>
         <property name="devicePlatform" value=""/>
         <property name="logFolder" value="F:\\development\\github\\yadhi\\quality-assurance\\opensource-demo-orangehrmlive-com\\Reports\\add employee\\add employee\\20180823_135054"/>
         <property name="logFiles" value="F:\\development\\github\\yadhi\\quality-assurance\\opensource-demo-orangehrmlive-com\\Reports\\add employee\\add employee\\20180823_135054\\execution0.log"/>
         <property name="attachments" value=""/>
         <property name="hostName" value="triyadhi - HO-SDM-NB23.pnmgroup.co.id"/>
         <property name="os" value="Windows 10 64bit"/>
         <property name="katalonVersion" value="5.6.1.1"/>
         <property name="browser" value="Chrome 68.0.3440.106"/>
         <property name="hostAddress" value="10.50.6.86"/>
         <property name="sessionId" value="382a066f0c988a12c6245547fa7f8bd3"/>
         <property name="seleniumVersion" value="3.7.1"/>
         <property name="proxyInformation" value="ProxyInformation{proxyOption=NO_PROXY, proxyServerType=HTTP, password=, proxyServerAddress=, proxyServerPort=0}"/>
         <property name="platform" value="Windows 10"/>
      </properties>
      <testcase name="Test Cases/login logout/login" classname="Test Cases/login logout/login" status="PASSED">
         <system-out><![CDATA[2018-08-23 13:50:56 - [TEST_CASE][PASSED] - Test Cases/login logout/login: Test Cases/login logout/login

2018-08-23 13:50:57 - [TEST_STEP][PASSED] - openBrowser: Browser is opened with url: 'https://opensource-demo.orangehrmlive.com/'

2018-08-23 13:51:11 - [MESSAGE][PASSED] - Browser is opened with url: 'https://opensource-demo.orangehrmlive.com/'

2018-08-23 13:51:11 - [TEST_STEP][PASSED] - setText: Text 'admin' is set on object 'Object Repository/login logout/Page_OrangeHRM/input_txtUsername'

2018-08-23 13:51:12 - [MESSAGE][PASSED] - Text 'admin' is set on object 'Object Repository/login logout/Page_OrangeHRM/input_txtUsername'

2018-08-23 13:51:12 - [TEST_STEP][PASSED] - setText: Text 'admin123' is set on object 'Object Repository/login logout/Page_OrangeHRM/input_txtPassword'

2018-08-23 13:51:13 - [MESSAGE][PASSED] - Text 'admin123' is set on object 'Object Repository/login logout/Page_OrangeHRM/input_txtPassword'

2018-08-23 13:51:13 - [TEST_STEP][PASSED] - click: Object: 'Object Repository/login logout/Page_OrangeHRM/input_Submit' is clicked on

2018-08-23 13:51:20 - [MESSAGE][PASSED] - Object: 'Object Repository/login logout/Page_OrangeHRM/input_Submit' is clicked on

2018-08-23 13:51:20 - [TEST_STEP][PASSED] - verifyElementPresent: Object 'Object Repository/login logout/Page_OrangeHRM/a_Welcome' is present

2018-08-23 13:51:20 - [MESSAGE][WARNING] - Timeout '0' is invalid. Using default page load timeout: '30'

2018-08-23 13:51:20 - [MESSAGE][PASSED] - Object 'Object Repository/login logout/Page_OrangeHRM/a_Welcome' is present]]></system-out>
         <system-err><![CDATA[]]></system-err>
      </testcase>
      <testcase name="Test Cases/add employee/add employee" classname="Test Cases/add employee/add employee" status="PASSED">
         <system-out><![CDATA[2018-08-23 13:51:20 - [TEST_CASE][PASSED] - Test Cases/add employee/add employee: Test Cases/add employee/add employee

2018-08-23 13:51:21 - [TEST_STEP][PASSED] - mouseOver: Object: 'Object Repository/add employee/Page_OrangeHRM/b_PIM' is hovered

2018-08-23 13:51:21 - [MESSAGE][PASSED] - Object: 'Object Repository/add employee/Page_OrangeHRM/b_PIM' is hovered

2018-08-23 13:51:21 - [TEST_STEP][PASSED] - click: Object: 'Object Repository/add employee/Page_OrangeHRM/a_Add Employee' is clicked on

2018-08-23 13:51:23 - [MESSAGE][PASSED] - Object: 'Object Repository/add employee/Page_OrangeHRM/a_Add Employee' is clicked on

2018-08-23 13:51:23 - [TEST_STEP][PASSED] - setText: Text 'depan' is set on object 'Object Repository/add employee/Page_OrangeHRM/input_firstName'

2018-08-23 13:51:23 - [MESSAGE][PASSED] - Text 'depan' is set on object 'Object Repository/add employee/Page_OrangeHRM/input_firstName'

2018-08-23 13:51:23 - [TEST_STEP][PASSED] - setText: Text 'tengah' is set on object 'Object Repository/add employee/Page_OrangeHRM/input_middleName'

2018-08-23 13:51:24 - [MESSAGE][PASSED] - Text 'tengah' is set on object 'Object Repository/add employee/Page_OrangeHRM/input_middleName'

2018-08-23 13:51:24 - [TEST_STEP][PASSED] - setText: Text 'akhir' is set on object 'Object Repository/add employee/Page_OrangeHRM/input_lastName'

2018-08-23 13:51:24 - [MESSAGE][PASSED] - Text 'akhir' is set on object 'Object Repository/add employee/Page_OrangeHRM/input_lastName'

2018-08-23 13:51:24 - [TEST_STEP][PASSED] - click: Object: 'Object Repository/add employee/Page_OrangeHRM/input_btnSave' is clicked on

2018-08-23 13:51:27 - [MESSAGE][PASSED] - Object: 'Object Repository/add employee/Page_OrangeHRM/input_btnSave' is clicked on]]></system-out>
         <system-err><![CDATA[]]></system-err>
      </testcase>
      <testcase name="Test Cases/login logout/logout" classname="Test Cases/login logout/logout" status="PASSED">
         <system-out><![CDATA[2018-08-23 13:51:27 - [TEST_CASE][PASSED] - Test Cases/login logout/logout: Test Cases/login logout/logout

2018-08-23 13:51:27 - [TEST_STEP][PASSED] - click: Object: 'Object Repository/login logout/Page_OrangeHRM/a_Welcome' is clicked on

2018-08-23 13:51:27 - [MESSAGE][PASSED] - Object: 'Object Repository/login logout/Page_OrangeHRM/a_Welcome' is clicked on

2018-08-23 13:51:27 - [TEST_STEP][PASSED] - scrollToElement: Scroll to object 'Object Repository/login logout/Page_OrangeHRM/a_Logout' successfully

2018-08-23 13:51:27 - [MESSAGE][WARNING] - Timeout '0' is invalid. Using default page load timeout: '30'

2018-08-23 13:51:27 - [MESSAGE][PASSED] - Scroll to object 'Object Repository/login logout/Page_OrangeHRM/a_Logout' successfully

2018-08-23 13:51:27 - [TEST_STEP][PASSED] - click: Object: 'Object Repository/login logout/Page_OrangeHRM/a_Logout' is clicked on

2018-08-23 13:51:28 - [MESSAGE][PASSED] - Object: 'Object Repository/login logout/Page_OrangeHRM/a_Logout' is clicked on

2018-08-23 13:51:28 - [TEST_STEP][PASSED] - closeBrowser: Browser is closed

2018-08-23 13:51:29 - [MESSAGE][PASSED] - Browser is closed]]></system-out>
         <system-err><![CDATA[]]></system-err>
      </testcase>
      <system-out><![CDATA[2018-08-23 13:50:56 - [TEST_SUITE][PASSED] - add employee: Test Cases/login logout/logout]]></system-out>
      <system-err><![CDATA[]]></system-err>
   </testsuite>
</testsuites>
