<?xml version="1.0" encoding="UTF-8"?>
<testsuites name="login logout" time="16" tests="2" failures="0" errors="0">
   <testsuite name="login logout" tests="2" failures="0" errors="0" time="16" timestamp="2018-08-23 13:18:41" hostname="triyadhi - HO-SDM-NB23.pnmgroup.co.id" id="Test Suites/login logout">
      <properties>
         <property name="deviceName" value=""/>
         <property name="devicePlatform" value=""/>
         <property name="logFolder" value="F:\\development\\github\\yadhi\\quality-assurance\\opensource-demo-orangehrmlive-com\\Reports\\login logout\\20180823_131838"/>
         <property name="logFiles" value="F:\\development\\github\\yadhi\\quality-assurance\\opensource-demo-orangehrmlive-com\\Reports\\login logout\\20180823_131838\\execution0.log"/>
         <property name="attachments" value=""/>
         <property name="hostName" value="triyadhi - HO-SDM-NB23.pnmgroup.co.id"/>
         <property name="os" value="Windows 10 64bit"/>
         <property name="katalonVersion" value="5.6.1.1"/>
         <property name="browser" value="Chrome 68.0.3440.106"/>
         <property name="hostAddress" value="10.50.6.86"/>
         <property name="sessionId" value="be8f87b5984898a264354c2548f3ded0"/>
         <property name="seleniumVersion" value="3.7.1"/>
         <property name="proxyInformation" value="ProxyInformation{proxyOption=NO_PROXY, proxyServerType=HTTP, password=, proxyServerAddress=, proxyServerPort=0}"/>
         <property name="platform" value="Windows 10"/>
      </properties>
      <testcase name="Test Cases/login logout/login" classname="Test Cases/login logout/login" status="PASSED">
         <system-out><![CDATA[2018-08-23 13:18:41 - [TEST_CASE][PASSED] - Test Cases/login logout/login: Test Cases/login logout/login

2018-08-23 13:18:42 - [TEST_STEP][PASSED] - openBrowser: Browser is opened with url: 'https://opensource-demo.orangehrmlive.com/'

2018-08-23 13:18:51 - [MESSAGE][PASSED] - Browser is opened with url: 'https://opensource-demo.orangehrmlive.com/'

2018-08-23 13:18:51 - [TEST_STEP][PASSED] - setText: Text 'admin' is set on object 'Object Repository/login logout/Page_OrangeHRM/input_txtUsername'

2018-08-23 13:18:51 - [MESSAGE][PASSED] - Text 'admin' is set on object 'Object Repository/login logout/Page_OrangeHRM/input_txtUsername'

2018-08-23 13:18:51 - [TEST_STEP][PASSED] - setText: Text 'admin123' is set on object 'Object Repository/login logout/Page_OrangeHRM/input_txtPassword'

2018-08-23 13:18:52 - [MESSAGE][PASSED] - Text 'admin123' is set on object 'Object Repository/login logout/Page_OrangeHRM/input_txtPassword'

2018-08-23 13:18:52 - [TEST_STEP][PASSED] - click: Object: 'Object Repository/login logout/Page_OrangeHRM/input_Submit' is clicked on

2018-08-23 13:18:56 - [MESSAGE][PASSED] - Object: 'Object Repository/login logout/Page_OrangeHRM/input_Submit' is clicked on

2018-08-23 13:18:56 - [TEST_STEP][PASSED] - verifyElementPresent: Object 'Object Repository/login logout/Page_OrangeHRM/a_Welcome' is present

2018-08-23 13:18:56 - [MESSAGE][WARNING] - Timeout '0' is invalid. Using default page load timeout: '30'

2018-08-23 13:18:56 - [MESSAGE][PASSED] - Object 'Object Repository/login logout/Page_OrangeHRM/a_Welcome' is present]]></system-out>
         <system-err><![CDATA[]]></system-err>
      </testcase>
      <testcase name="Test Cases/login logout/logout" classname="Test Cases/login logout/logout" status="PASSED">
         <system-out><![CDATA[2018-08-23 13:18:56 - [TEST_CASE][PASSED] - Test Cases/login logout/logout: Test Cases/login logout/logout

2018-08-23 13:18:56 - [TEST_STEP][PASSED] - click: Object: 'Object Repository/login logout/Page_OrangeHRM/a_Welcome' is clicked on

2018-08-23 13:18:56 - [MESSAGE][PASSED] - Object: 'Object Repository/login logout/Page_OrangeHRM/a_Welcome' is clicked on

2018-08-23 13:18:56 - [TEST_STEP][PASSED] - scrollToElement: Scroll to object 'Object Repository/login logout/Page_OrangeHRM/a_Logout' successfully

2018-08-23 13:18:56 - [MESSAGE][WARNING] - Timeout '0' is invalid. Using default page load timeout: '30'

2018-08-23 13:18:56 - [MESSAGE][PASSED] - Scroll to object 'Object Repository/login logout/Page_OrangeHRM/a_Logout' successfully

2018-08-23 13:18:56 - [TEST_STEP][PASSED] - click: Object: 'Object Repository/login logout/Page_OrangeHRM/a_Logout' is clicked on

2018-08-23 13:18:57 - [MESSAGE][PASSED] - Object: 'Object Repository/login logout/Page_OrangeHRM/a_Logout' is clicked on

2018-08-23 13:18:57 - [TEST_STEP][PASSED] - closeBrowser: Browser is closed

2018-08-23 13:18:58 - [MESSAGE][PASSED] - Browser is closed]]></system-out>
         <system-err><![CDATA[]]></system-err>
      </testcase>
      <system-out><![CDATA[2018-08-23 13:18:41 - [TEST_SUITE][PASSED] - login logout: Test Cases/login logout/logout]]></system-out>
      <system-err><![CDATA[]]></system-err>
   </testsuite>
</testsuites>
