<?xml version="1.0" encoding="UTF-8"?>
<testsuites name="login logout" time="26" tests="1" failures="1" errors="0">
   <testsuite name="login logout" tests="1" failures="1" errors="0" time="26" timestamp="2018-08-23 13:19:57" hostname="triyadhi - HO-SDM-NB23.pnmgroup.co.id" id="Test Suites/login logout">
      <properties>
         <property name="deviceName" value=""/>
         <property name="devicePlatform" value=""/>
         <property name="logFolder" value="F:\\development\\github\\yadhi\\quality-assurance\\opensource-demo-orangehrmlive-com\\Reports\\login logout\\20180823_131955"/>
         <property name="logFiles" value="F:\\development\\github\\yadhi\\quality-assurance\\opensource-demo-orangehrmlive-com\\Reports\\login logout\\20180823_131955\\execution0.log"/>
         <property name="attachments" value="F:\\development\\github\\yadhi\\quality-assurance\\opensource-demo-orangehrmlive-com\\Reports\\login logout\\20180823_131955\\1535005222911.png"/>
         <property name="hostName" value="triyadhi - HO-SDM-NB23.pnmgroup.co.id"/>
         <property name="os" value="Windows 10 64bit"/>
         <property name="katalonVersion" value="5.6.1.1"/>
         <property name="browser" value="Firefox 61.0"/>
         <property name="hostAddress" value="10.50.6.86"/>
         <property name="sessionId" value="02cfc615-d1d3-4242-8363-6bebfda4aca6"/>
         <property name="seleniumVersion" value="3.7.1"/>
         <property name="proxyInformation" value="ProxyInformation{proxyOption=NO_PROXY, proxyServerType=HTTP, password=, proxyServerAddress=, proxyServerPort=0}"/>
         <property name="platform" value="Windows 10"/>
      </properties>
      <testcase name="Test Cases/login logout/login" classname="Test Cases/login logout/login" status="PASSED">
         <system-out><![CDATA[2018-08-23 13:19:57 - [TEST_CASE][PASSED] - Test Cases/login logout/login: Test Cases/login logout/login

2018-08-23 13:19:57 - [TEST_STEP][PASSED] - openBrowser: Browser is opened with url: 'https://opensource-demo.orangehrmlive.com/'

2018-08-23 13:20:17 - [MESSAGE][PASSED] - Browser is opened with url: 'https://opensource-demo.orangehrmlive.com/'

2018-08-23 13:20:17 - [TEST_STEP][PASSED] - setText: Text 'admin' is set on object 'Object Repository/login logout/Page_OrangeHRM/input_txtUsername'

2018-08-23 13:20:17 - [MESSAGE][PASSED] - Text 'admin' is set on object 'Object Repository/login logout/Page_OrangeHRM/input_txtUsername'

2018-08-23 13:20:17 - [TEST_STEP][PASSED] - setText: Text 'admin123' is set on object 'Object Repository/login logout/Page_OrangeHRM/input_txtPassword'

2018-08-23 13:20:17 - [MESSAGE][PASSED] - Text 'admin123' is set on object 'Object Repository/login logout/Page_OrangeHRM/input_txtPassword'

2018-08-23 13:20:17 - [TEST_STEP][PASSED] - click: Object: 'Object Repository/login logout/Page_OrangeHRM/input_Submit' is clicked on

2018-08-23 13:20:21 - [MESSAGE][PASSED] - Object: 'Object Repository/login logout/Page_OrangeHRM/input_Submit' is clicked on

2018-08-23 13:20:21 - [TEST_STEP][PASSED] - verifyElementPresent: Object 'Object Repository/login logout/Page_OrangeHRM/a_Welcome' is present

2018-08-23 13:20:21 - [MESSAGE][WARNING] - Timeout '0' is invalid. Using default page load timeout: '30'

2018-08-23 13:20:21 - [MESSAGE][PASSED] - Object 'Object Repository/login logout/Page_OrangeHRM/a_Welcome' is present]]></system-out>
         <system-err><![CDATA[]]></system-err>
      </testcase>
      <testcase name="Test Cases/login logout/logout" classname="Test Cases/login logout/logout" status="FAILED">
         <failure type="FAILED" message="Unable to click on object 'Object Repository/login logout/Page_OrangeHRM/a_Logout' (Root cause: org.openqa.selenium.ElementNotInteractableException: Element &lt;a href=&quot;/index.php/auth/logout&quot;> could not be scrolled into view
Build info: version: '3.7.1', revision: '8a0099a', time: '2017-11-06T21:07:36.161Z'
System info: host: 'HO-SDM-NB23', ip: '10.50.6.86', os.name: 'Windows 10', os.arch: 'amd64', os.version: '10.0', java.version: '1.8.0_102'
Driver info: com.kms.katalon.core.webui.driver.firefox.CGeckoDriver
Capabilities {acceptInsecureCerts: true, browserName: firefox, browserVersion: 61.0.2, javascriptEnabled: true, moz:accessibilityChecks: false, moz:headless: false, moz:processID: 12064, moz:profile: C:\Users\triyadhi\AppData\L..., moz:useNonSpecCompliantPointerOrigin: false, moz:webdriverClick: true, pageLoadStrategy: normal, platform: XP, platformName: XP, platformVersion: 10.0, proxy: Proxy(direct), rotatable: false, timeouts: {implicit: 0, pageLoad: 300000, script: 30000}}
Session ID: 02cfc615-d1d3-4242-8363-6bebfda4aca6)"/>
         <system-out><![CDATA[2018-08-23 13:20:21 - [TEST_CASE][FAILED] - Test Cases/login logout/logout: Test Cases/login logout/logout FAILED because (of) Unable to click on object 'Object Repository/login logout/Page_OrangeHRM/a_Logout' (Root cause: org.openqa.selenium.ElementNotInteractableException: Element <a href="/index.php/auth/logout"> could not be scrolled into view
Build info: version: '3.7.1', revision: '8a0099a', time: '2017-11-06T21:07:36.161Z'
System info: host: 'HO-SDM-NB23', ip: '10.50.6.86', os.name: 'Windows 10', os.arch: 'amd64', os.version: '10.0', java.version: '1.8.0_102'
Driver info: com.kms.katalon.core.webui.driver.firefox.CGeckoDriver
Capabilities {acceptInsecureCerts: true, browserName: firefox, browserVersion: 61.0.2, javascriptEnabled: true, moz:accessibilityChecks: false, moz:headless: false, moz:processID: 12064, moz:profile: C:\Users\triyadhi\AppData\L..., moz:useNonSpecCompliantPointerOrigin: false, moz:webdriverClick: true, pageLoadStrategy: normal, platform: XP, platformName: XP, platformVersion: 10.0, proxy: Proxy(direct), rotatable: false, timeouts: {implicit: 0, pageLoad: 300000, script: 30000}}
Session ID: 02cfc615-d1d3-4242-8363-6bebfda4aca6)

2018-08-23 13:20:21 - [TEST_STEP][PASSED] - click: Object: 'Object Repository/login logout/Page_OrangeHRM/a_Welcome' is clicked on

2018-08-23 13:20:22 - [MESSAGE][PASSED] - Object: 'Object Repository/login logout/Page_OrangeHRM/a_Welcome' is clicked on

2018-08-23 13:20:22 - [TEST_STEP][PASSED] - scrollToElement: Scroll to object 'Object Repository/login logout/Page_OrangeHRM/a_Logout' successfully

2018-08-23 13:20:22 - [MESSAGE][WARNING] - Timeout '0' is invalid. Using default page load timeout: '30'

2018-08-23 13:20:22 - [MESSAGE][PASSED] - Scroll to object 'Object Repository/login logout/Page_OrangeHRM/a_Logout' successfully

2018-08-23 13:20:22 - [TEST_STEP][FAILED] - click: Unable to click on object 'Object Repository/login logout/Page_OrangeHRM/a_Logout' (Root cause: org.openqa.selenium.ElementNotInteractableException: Element <a href="/index.php/auth/logout"> could not be scrolled into view
Build info: version: '3.7.1', revision: '8a0099a', time: '2017-11-06T21:07:36.161Z'
System info: host: 'HO-SDM-NB23', ip: '10.50.6.86', os.name: 'Windows 10', os.arch: 'amd64', os.version: '10.0', java.version: '1.8.0_102'
Driver info: com.kms.katalon.core.webui.driver.firefox.CGeckoDriver
Capabilities {acceptInsecureCerts: true, browserName: firefox, browserVersion: 61.0.2, javascriptEnabled: true, moz:accessibilityChecks: false, moz:headless: false, moz:processID: 12064, moz:profile: C:\Users\triyadhi\AppData\L..., moz:useNonSpecCompliantPointerOrigin: false, moz:webdriverClick: true, pageLoadStrategy: normal, platform: XP, platformName: XP, platformVersion: 10.0, proxy: Proxy(direct), rotatable: false, timeouts: {implicit: 0, pageLoad: 300000, script: 30000}}
Session ID: 02cfc615-d1d3-4242-8363-6bebfda4aca6)

2018-08-23 13:20:23 - [MESSAGE][FAILED] - Unable to click on object 'Object Repository/login logout/Page_OrangeHRM/a_Logout' (Root cause: org.openqa.selenium.ElementNotInteractableException: Element <a href="/index.php/auth/logout"> could not be scrolled into view
Build info: version: '3.7.1', revision: '8a0099a', time: '2017-11-06T21:07:36.161Z'
System info: host: 'HO-SDM-NB23', ip: '10.50.6.86', os.name: 'Windows 10', os.arch: 'amd64', os.version: '10.0', java.version: '1.8.0_102'
Driver info: com.kms.katalon.core.webui.driver.firefox.CGeckoDriver
Capabilities {acceptInsecureCerts: true, browserName: firefox, browserVersion: 61.0.2, javascriptEnabled: true, moz:accessibilityChecks: false, moz:headless: false, moz:processID: 12064, moz:profile: C:\Users\triyadhi\AppData\L..., moz:useNonSpecCompliantPointerOrigin: false, moz:webdriverClick: true, pageLoadStrategy: normal, platform: XP, platformName: XP, platformVersion: 10.0, proxy: Proxy(direct), rotatable: false, timeouts: {implicit: 0, pageLoad: 300000, script: 30000}}
Session ID: 02cfc615-d1d3-4242-8363-6bebfda4aca6)
[[ATTACHMENT|F:\\development\\github\\yadhi\\quality-assurance\\opensource-demo-orangehrmlive-com\\Reports\\login logout\\20180823_131955\\1535005222911.png]]]]></system-out>
         <system-err><![CDATA[2018-08-23 13:20:21 - [TEST_CASE][FAILED] - Test Cases/login logout/logout: Test Cases/login logout/logout FAILED because (of) Unable to click on object 'Object Repository/login logout/Page_OrangeHRM/a_Logout' (Root cause: org.openqa.selenium.ElementNotInteractableException: Element <a href="/index.php/auth/logout"> could not be scrolled into view
Build info: version: '3.7.1', revision: '8a0099a', time: '2017-11-06T21:07:36.161Z'
System info: host: 'HO-SDM-NB23', ip: '10.50.6.86', os.name: 'Windows 10', os.arch: 'amd64', os.version: '10.0', java.version: '1.8.0_102'
Driver info: com.kms.katalon.core.webui.driver.firefox.CGeckoDriver
Capabilities {acceptInsecureCerts: true, browserName: firefox, browserVersion: 61.0.2, javascriptEnabled: true, moz:accessibilityChecks: false, moz:headless: false, moz:processID: 12064, moz:profile: C:\Users\triyadhi\AppData\L..., moz:useNonSpecCompliantPointerOrigin: false, moz:webdriverClick: true, pageLoadStrategy: normal, platform: XP, platformName: XP, platformVersion: 10.0, proxy: Proxy(direct), rotatable: false, timeouts: {implicit: 0, pageLoad: 300000, script: 30000}}
Session ID: 02cfc615-d1d3-4242-8363-6bebfda4aca6)]]></system-err>
      </testcase>
      <system-out><![CDATA[2018-08-23 13:19:57 - [TEST_SUITE][FAILED] - login logout: Test Cases/login logout/logout FAILED because (of) Unable to click on object 'Object Repository/login logout/Page_OrangeHRM/a_Logout' (Root cause: org.openqa.selenium.ElementNotInteractableException: Element <a href="/index.php/auth/logout"> could not be scrolled into view
Build info: version: '3.7.1', revision: '8a0099a', time: '2017-11-06T21:07:36.161Z'
System info: host: 'HO-SDM-NB23', ip: '10.50.6.86', os.name: 'Windows 10', os.arch: 'amd64', os.version: '10.0', java.version: '1.8.0_102'
Driver info: com.kms.katalon.core.webui.driver.firefox.CGeckoDriver
Capabilities {acceptInsecureCerts: true, browserName: firefox, browserVersion: 61.0.2, javascriptEnabled: true, moz:accessibilityChecks: false, moz:headless: false, moz:processID: 12064, moz:profile: C:\Users\triyadhi\AppData\L..., moz:useNonSpecCompliantPointerOrigin: false, moz:webdriverClick: true, pageLoadStrategy: normal, platform: XP, platformName: XP, platformVersion: 10.0, proxy: Proxy(direct), rotatable: false, timeouts: {implicit: 0, pageLoad: 300000, script: 30000}}
Session ID: 02cfc615-d1d3-4242-8363-6bebfda4aca6)]]></system-out>
      <system-err><![CDATA[2018-08-23 13:19:57 - [TEST_SUITE][FAILED] - login logout: Test Cases/login logout/logout FAILED because (of) Unable to click on object 'Object Repository/login logout/Page_OrangeHRM/a_Logout' (Root cause: org.openqa.selenium.ElementNotInteractableException: Element <a href="/index.php/auth/logout"> could not be scrolled into view
Build info: version: '3.7.1', revision: '8a0099a', time: '2017-11-06T21:07:36.161Z'
System info: host: 'HO-SDM-NB23', ip: '10.50.6.86', os.name: 'Windows 10', os.arch: 'amd64', os.version: '10.0', java.version: '1.8.0_102'
Driver info: com.kms.katalon.core.webui.driver.firefox.CGeckoDriver
Capabilities {acceptInsecureCerts: true, browserName: firefox, browserVersion: 61.0.2, javascriptEnabled: true, moz:accessibilityChecks: false, moz:headless: false, moz:processID: 12064, moz:profile: C:\Users\triyadhi\AppData\L..., moz:useNonSpecCompliantPointerOrigin: false, moz:webdriverClick: true, pageLoadStrategy: normal, platform: XP, platformName: XP, platformVersion: 10.0, proxy: Proxy(direct), rotatable: false, timeouts: {implicit: 0, pageLoad: 300000, script: 30000}}
Session ID: 02cfc615-d1d3-4242-8363-6bebfda4aca6)]]></system-err>
   </testsuite>
</testsuites>
