<?xml version="1.0" encoding="UTF-8"?>
<testsuites name="search employee" time="22" tests="3" failures="0" errors="0">
   <testsuite name="search employee" tests="3" failures="0" errors="0" time="22" timestamp="2018-08-23 14:20:32" hostname="triyadhi - HO-SDM-NB23.pnmgroup.co.id" id="Test Suites/pim - employee list/search employee">
      <properties>
         <property name="deviceName" value=""/>
         <property name="devicePlatform" value=""/>
         <property name="logFolder" value="F:\\development\\github\\yadhi\\quality-assurance\\opensource-demo-orangehrmlive-com\\Reports\\pim - employee list\\search employee\\20180823_142029"/>
         <property name="logFiles" value="F:\\development\\github\\yadhi\\quality-assurance\\opensource-demo-orangehrmlive-com\\Reports\\pim - employee list\\search employee\\20180823_142029\\execution0.log"/>
         <property name="attachments" value=""/>
         <property name="hostName" value="triyadhi - HO-SDM-NB23.pnmgroup.co.id"/>
         <property name="os" value="Windows 10 64bit"/>
         <property name="katalonVersion" value="5.6.1.1"/>
         <property name="browser" value="Chrome 68.0.3440.106"/>
         <property name="hostAddress" value="10.50.6.86"/>
         <property name="sessionId" value="e360aaa99b14970bb0b9a3e792dd646f"/>
         <property name="seleniumVersion" value="3.7.1"/>
         <property name="proxyInformation" value="ProxyInformation{proxyOption=NO_PROXY, proxyServerType=HTTP, password=, proxyServerAddress=, proxyServerPort=0}"/>
         <property name="platform" value="Windows 10"/>
      </properties>
      <testcase name="Test Cases/login logout/login" classname="Test Cases/login logout/login" status="PASSED">
         <system-out><![CDATA[2018-08-23 14:20:33 - [TEST_CASE][PASSED] - Test Cases/login logout/login: Test Cases/login logout/login

2018-08-23 14:20:33 - [TEST_STEP][PASSED] - openBrowser: Browser is opened with url: 'https://opensource-demo.orangehrmlive.com/'

2018-08-23 14:20:43 - [MESSAGE][PASSED] - Browser is opened with url: 'https://opensource-demo.orangehrmlive.com/'

2018-08-23 14:20:43 - [TEST_STEP][PASSED] - setText: Text 'admin' is set on object 'Object Repository/login logout/Page_OrangeHRM/input_txtUsername'

2018-08-23 14:20:44 - [MESSAGE][PASSED] - Text 'admin' is set on object 'Object Repository/login logout/Page_OrangeHRM/input_txtUsername'

2018-08-23 14:20:44 - [TEST_STEP][PASSED] - setText: Text 'admin123' is set on object 'Object Repository/login logout/Page_OrangeHRM/input_txtPassword'

2018-08-23 14:20:44 - [MESSAGE][PASSED] - Text 'admin123' is set on object 'Object Repository/login logout/Page_OrangeHRM/input_txtPassword'

2018-08-23 14:20:44 - [TEST_STEP][PASSED] - click: Object: 'Object Repository/login logout/Page_OrangeHRM/input_Submit' is clicked on

2018-08-23 14:20:46 - [MESSAGE][PASSED] - Object: 'Object Repository/login logout/Page_OrangeHRM/input_Submit' is clicked on

2018-08-23 14:20:46 - [TEST_STEP][PASSED] - verifyElementPresent: Object 'Object Repository/login logout/Page_OrangeHRM/a_Welcome' is present

2018-08-23 14:20:47 - [MESSAGE][WARNING] - Timeout '0' is invalid. Using default page load timeout: '30'

2018-08-23 14:20:48 - [MESSAGE][PASSED] - Object 'Object Repository/login logout/Page_OrangeHRM/a_Welcome' is present]]></system-out>
         <system-err><![CDATA[]]></system-err>
      </testcase>
      <testcase name="Test Cases/pim - employee list/search employee" classname="Test Cases/pim - employee list/search employee" status="PASSED">
         <system-out><![CDATA[2018-08-23 14:20:48 - [TEST_CASE][PASSED] - Test Cases/pim - employee list/search employee: Test Cases/pim - employee list/search employee

2018-08-23 14:20:49 - [TEST_STEP][PASSED] - mouseOver: Object: 'Object Repository/main menu/b_PIM' is hovered

2018-08-23 14:20:49 - [MESSAGE][PASSED] - Object: 'Object Repository/main menu/b_PIM' is hovered

2018-08-23 14:20:49 - [TEST_STEP][PASSED] - click: Object: 'Object Repository/pim - employee list/Page_OrangeHRM/a_Employee List' is clicked on

2018-08-23 14:20:50 - [MESSAGE][PASSED] - Object: 'Object Repository/pim - employee list/Page_OrangeHRM/a_Employee List' is clicked on

2018-08-23 14:20:50 - [TEST_STEP][PASSED] - setText: Text 'depan' is set on object 'Object Repository/pim - employee list/Page_OrangeHRM - form search/input_empsearchemployee_nameem'

2018-08-23 14:20:51 - [MESSAGE][PASSED] - Text 'depan' is set on object 'Object Repository/pim - employee list/Page_OrangeHRM - form search/input_empsearchemployee_nameem'

2018-08-23 14:20:51 - [TEST_STEP][PASSED] - click: Object: 'Object Repository/pim - employee list/Page_OrangeHRM - form search/input__search' is clicked on

2018-08-23 14:20:52 - [MESSAGE][PASSED] - Object: 'Object Repository/pim - employee list/Page_OrangeHRM - form search/input__search' is clicked on]]></system-out>
         <system-err><![CDATA[]]></system-err>
      </testcase>
      <testcase name="Test Cases/login logout/logout" classname="Test Cases/login logout/logout" status="PASSED">
         <system-out><![CDATA[2018-08-23 14:20:52 - [TEST_CASE][PASSED] - Test Cases/login logout/logout: Test Cases/login logout/logout

2018-08-23 14:20:53 - [TEST_STEP][PASSED] - click: Object: 'Object Repository/login logout/Page_OrangeHRM/a_Welcome' is clicked on

2018-08-23 14:20:53 - [MESSAGE][PASSED] - Object: 'Object Repository/login logout/Page_OrangeHRM/a_Welcome' is clicked on

2018-08-23 14:20:53 - [TEST_STEP][PASSED] - scrollToElement: Scroll to object 'Object Repository/login logout/Page_OrangeHRM/a_Logout' successfully

2018-08-23 14:20:53 - [MESSAGE][WARNING] - Timeout '0' is invalid. Using default page load timeout: '30'

2018-08-23 14:20:53 - [MESSAGE][PASSED] - Scroll to object 'Object Repository/login logout/Page_OrangeHRM/a_Logout' successfully

2018-08-23 14:20:53 - [TEST_STEP][PASSED] - click: Object: 'Object Repository/login logout/Page_OrangeHRM/a_Logout' is clicked on

2018-08-23 14:20:54 - [MESSAGE][PASSED] - Object: 'Object Repository/login logout/Page_OrangeHRM/a_Logout' is clicked on

2018-08-23 14:20:54 - [TEST_STEP][PASSED] - closeBrowser: Browser is closed

2018-08-23 14:20:55 - [MESSAGE][PASSED] - Browser is closed]]></system-out>
         <system-err><![CDATA[]]></system-err>
      </testcase>
      <system-out><![CDATA[2018-08-23 14:20:32 - [TEST_SUITE][PASSED] - search employee: Test Cases/login logout/logout]]></system-out>
      <system-err><![CDATA[]]></system-err>
   </testsuite>
</testsuites>
